<?xml version="1.0" encoding="UTF-8"?>
<!-- Generated by org.testng.reporters.JUnitReportReporter -->
<testsuite skipped="0" hostname="sonal-ideapad" name="com.testcases.TestPlay" tests="1" failures="0" timestamp="2022-06-24T18:22:04 IST" time="15.456" errors="0">
  <testcase name="run" time="15.456" classname="com.testcases.TestPlay"/>
  <system-out/>
</testsuite> <!-- com.testcases.TestPlay -->
