<?xml version="1.0" encoding="UTF-8"?>
<!-- Generated by org.testng.reporters.JUnitReportReporter -->
<testsuite skipped="0" hostname="sonal-ideapad" name="com.testcases.play" tests="1" failures="0" timestamp="2022-07-05T17:11:55 IST" time="4.024" errors="0">
  <testcase name="launch" time="4.024" classname="com.testcases.play"/>
  <system-out/>
</testsuite> <!-- com.testcases.play -->
